<?xml version="1.0" encoding="UTF-8"?>
<!-- Generated by org.testng.reporters.JUnitXMLReporter -->
<testsuite ignored="0" hostname="spoorthi" failures="1" tests="1" name="ProductTest" time="0.094" errors="0" timestamp="2026-05-12T17:06:30 IST">
  <testcase classname="tests.ProductTest" name="verifyProductAddToCart" time="0.022">
    <failure type="java.lang.NullPointerException" message="Cannot invoke &amp;quot;org.openqa.selenium.WebDriver.findElement(org.openqa.selenium.By)&amp;quot; because &amp;quot;this.driver&amp;quot; is null">
      <![CDATA[java.lang.NullPointerException: Cannot invoke "org.openqa.selenium.WebDriver.findElement(org.openqa.selenium.By)" because "this.driver" is null
at pages.ProductPage.login(ProductPage.java:29)
at tests.ProductTest.verifyProductAddToCart(ProductTest.java:19)
at java.base/java.util.ArrayList.forEach(ArrayList.java:1596)
... Removed 25 stack frames]]>
    </failure>
  </testcase> <!-- verifyProductAddToCart -->
</testsuite> <!-- ProductTest -->
